Start testing: May 22 16:06 UTC
----------------------------------------------------------
1/2 Testing: gsl_tests
1/2 Test: gsl_tests
Command: "/home/runner/work/GSL/GSL/build_cpp14/tests/gsl_tests"
Directory: /home/runner/work/GSL/GSL/build_cpp14/tests
"gsl_tests" start time: May 22 16:06 UTC
Output:
----------------------------------------------------------
Running main() from /home/runner/work/GSL/GSL/build_cpp14/tests/googletest-src/googletest/src/gtest_main.cc
[==========] Running 86 tests from 13 test suites.
[----------] Global test environment set-up.
[----------] 3 tests from algorithm_tests
[ RUN      ] algorithm_tests.same_type
[       OK ] algorithm_tests.same_type (0 ms)
[ RUN      ] algorithm_tests.compatible_type
[       OK ] algorithm_tests.compatible_type (0 ms)
[ RUN      ] algorithm_tests.small_destination_span
[       OK ] algorithm_tests.small_destination_span (267 ms)
[----------] 3 tests from algorithm_tests (267 ms total)

[----------] 2 tests from assertion_tests
[ RUN      ] assertion_tests.expects
[       OK ] assertion_tests.expects (78 ms)
[ RUN      ] assertion_tests.ensures
[       OK ] assertion_tests.ensures (109 ms)
[----------] 2 tests from assertion_tests (187 ms total)

[----------] 4 tests from at_tests
[ RUN      ] at_tests.static_array
[       OK ] at_tests.static_array (382 ms)
[ RUN      ] at_tests.std_array
[       OK ] at_tests.std_array (427 ms)
[ RUN      ] at_tests.std_vector
[       OK ] at_tests.std_vector (412 ms)
[ RUN      ] at_tests.InitializerList
[       OK ] at_tests.InitializerList (415 ms)
[----------] 4 tests from at_tests (1638 ms total)

[----------] 4 tests from byte_tests
[ RUN      ] byte_tests.construction
[       OK ] byte_tests.construction (0 ms)
[ RUN      ] byte_tests.bitwise_operations
[       OK ] byte_tests.bitwise_operations (0 ms)
[ RUN      ] byte_tests.to_integer
[       OK ] byte_tests.to_integer (0 ms)
[ RUN      ] byte_tests.aliasing
[       OK ] byte_tests.aliasing (0 ms)
[----------] 4 tests from byte_tests (0 ms total)

[----------] 1 test from notnull_constexpr_tests
[ RUN      ] notnull_constexpr_tests.TestNotNullConstexprComparison
[       OK ] notnull_constexpr_tests.TestNotNullConstexprComparison (0 ms)
[----------] 1 test from notnull_constexpr_tests (0 ms total)

[----------] 10 tests from notnull_tests
[ RUN      ] notnull_tests.TestNotNullConstructors
[       OK ] notnull_tests.TestNotNullConstructors (403 ms)
[ RUN      ] notnull_tests.TestNotNullostream
[       OK ] notnull_tests.TestNotNullostream (0 ms)
[ RUN      ] notnull_tests.TestNotNullCasting
[       OK ] notnull_tests.TestNotNullCasting (0 ms)
[ RUN      ] notnull_tests.TestNotNullAssignment
[       OK ] notnull_tests.TestNotNullAssignment (110 ms)
[ RUN      ] notnull_tests.TestNotNullRawPointerComparison
[       OK ] notnull_tests.TestNotNullRawPointerComparison (0 ms)
[ RUN      ] notnull_tests.TestNotNullDereferenceOperator
[       OK ] notnull_tests.TestNotNullDereferenceOperator (0 ms)
[ RUN      ] notnull_tests.TestNotNullSharedPtrComparison
[       OK ] notnull_tests.TestNotNullSharedPtrComparison (0 ms)
[ RUN      ] notnull_tests.TestNotNullCustomPtrComparison
[       OK ] notnull_tests.TestNotNullCustomPtrComparison (0 ms)
[ RUN      ] notnull_tests.TestMakeNotNull
[       OK ] notnull_tests.TestMakeNotNull (464 ms)
[ RUN      ] notnull_tests.TestStdHash
[       OK ] notnull_tests.TestStdHash (0 ms)
[----------] 10 tests from notnull_tests (978 ms total)

[----------] 1 test from owner_tests
[ RUN      ] owner_tests.basic_test
[       OK ] owner_tests.basic_test (0 ms)
[----------] 1 test from owner_tests (0 ms total)

[----------] 3 tests from pointers_test
[ RUN      ] pointers_test.swap
[       OK ] pointers_test.swap (0 ms)
[ RUN      ] pointers_test.member_types
[       OK ] pointers_test.member_types (0 ms)
[ RUN      ] pointers_test.member_types
[       OK ] pointers_test.member_types (0 ms)
[----------] 3 tests from pointers_test (0 ms total)

[----------] 1 test from span_compatibility_tests
[ RUN      ] span_compatibility_tests.assertion_tests
[       OK ] span_compatibility_tests.assertion_tests (0 ms)
[----------] 1 test from span_compatibility_tests (0 ms total)

[----------] 11 tests from span_ext_test
[ RUN      ] span_ext_test.make_span_from_pointer_length_constructor
[       OK ] span_ext_test.make_span_from_pointer_length_constructor (78 ms)
[ RUN      ] span_ext_test.make_span_from_pointer_pointer_construction
[       OK ] span_ext_test.make_span_from_pointer_pointer_construction (0 ms)
[ RUN      ] span_ext_test.make_span_from_array_constructor
[       OK ] span_ext_test.make_span_from_array_constructor (0 ms)
[ RUN      ] span_ext_test.make_span_from_dynamic_array_constructor
[       OK ] span_ext_test.make_span_from_dynamic_array_constructor (0 ms)
[ RUN      ] span_ext_test.make_span_from_std_array_constructor
[       OK ] span_ext_test.make_span_from_std_array_constructor (0 ms)
[ RUN      ] span_ext_test.make_span_from_const_std_array_constructor
[       OK ] span_ext_test.make_span_from_const_std_array_constructor (0 ms)
[ RUN      ] span_ext_test.make_span_from_std_array_const_constructor
[       OK ] span_ext_test.make_span_from_std_array_const_constructor (0 ms)
[ RUN      ] span_ext_test.make_span_from_container_constructor
[       OK ] span_ext_test.make_span_from_container_constructor (0 ms)
[ RUN      ] span_ext_test.iterator_free_functions
[       OK ] span_ext_test.iterator_free_functions (0 ms)
[ RUN      ] span_ext_test.ssize_free_function
[       OK ] span_ext_test.ssize_free_function (0 ms)
[ RUN      ] span_ext_test.comparison_operators
[       OK ] span_ext_test.comparison_operators (0 ms)
[----------] 11 tests from span_ext_test (78 ms total)

[----------] 34 tests from span_test
[ RUN      ] span_test.interop_with_gsl_at
[       OK ] span_test.interop_with_gsl_at (437 ms)
[ RUN      ] span_test.constructors
[       OK ] span_test.constructors (0 ms)
[ RUN      ] span_test.constructors_with_extent
[       OK ] span_test.constructors_with_extent (0 ms)
[ RUN      ] span_test.constructors_with_bracket_init
[       OK ] span_test.constructors_with_bracket_init (0 ms)
[ RUN      ] span_test.size_optimization
[       OK ] span_test.size_optimization (0 ms)
[ RUN      ] span_test.from_nullptr_size_constructor
[       OK ] span_test.from_nullptr_size_constructor (499 ms)
[ RUN      ] span_test.from_pointer_length_constructor
[       OK ] span_test.from_pointer_length_constructor (123 ms)
[ RUN      ] span_test.from_pointer_pointer_construction
[       OK ] span_test.from_pointer_pointer_construction (0 ms)
[ RUN      ] span_test.from_array_constructor
[       OK ] span_test.from_array_constructor (0 ms)
[ RUN      ] span_test.from_dynamic_array_constructor
[       OK ] span_test.from_dynamic_array_constructor (0 ms)
[ RUN      ] span_test.from_std_array_constructor
[       OK ] span_test.from_std_array_constructor (0 ms)
[ RUN      ] span_test.from_const_std_array_constructor
[       OK ] span_test.from_const_std_array_constructor (0 ms)
[ RUN      ] span_test.from_std_array_const_constructor
[       OK ] span_test.from_std_array_const_constructor (0 ms)
[ RUN      ] span_test.from_container_constructor
[       OK ] span_test.from_container_constructor (0 ms)
[ RUN      ] span_test.from_convertible_span_constructor
[       OK ] span_test.from_convertible_span_constructor (194 ms)
[ RUN      ] span_test.copy_move_and_assignment
[       OK ] span_test.copy_move_and_assignment (0 ms)
[ RUN      ] span_test.first
[       OK ] span_test.first (117 ms)
[ RUN      ] span_test.last
[       OK ] span_test.last (78 ms)
[ RUN      ] span_test.subspan
[       OK ] span_test.subspan (1045 ms)
[ RUN      ] span_test.iterator_default_init
[       OK ] span_test.iterator_default_init (0 ms)
[ RUN      ] span_test.iterator_comparisons
[       OK ] span_test.iterator_comparisons (0 ms)
[ RUN      ] span_test.incomparable_iterators
[       OK ] span_test.incomparable_iterators (208 ms)
[ RUN      ] span_test.begin_end
[       OK ] span_test.begin_end (109 ms)
[ RUN      ] span_test.rbegin_rend
[       OK ] span_test.rbegin_rend (108 ms)
[ RUN      ] span_test.as_bytes
[       OK ] span_test.as_bytes (0 ms)
[ RUN      ] span_test.as_writable_bytes
[       OK ] span_test.as_writable_bytes (0 ms)
[ RUN      ] span_test.fixed_size_conversions
[       OK ] span_test.fixed_size_conversions (114 ms)
[ RUN      ] span_test.interop_with_std_regex
[       OK ] span_test.interop_with_std_regex (0 ms)
[ RUN      ] span_test.default_constructible
[       OK ] span_test.default_constructible (0 ms)
[ RUN      ] span_test.std_container_ctad
[       OK ] span_test.std_container_ctad (0 ms)
[ RUN      ] span_test.front_back
[       OK ] span_test.front_back (214 ms)
[ RUN      ] span_test.empty_span
[       OK ] span_test.empty_span (0 ms)
[ RUN      ] span_test.conversions
[       OK ] span_test.conversions (0 ms)
[ RUN      ] span_test.comparison_operators
[       OK ] span_test.comparison_operators (0 ms)
[----------] 34 tests from span_test (3253 ms total)

[----------] 2 tests from strict_notnull_tests
[ RUN      ] strict_notnull_tests.TestStrictNotNullConstructors
[       OK ] strict_notnull_tests.TestStrictNotNullConstructors (396 ms)
[ RUN      ] strict_notnull_tests.TestStrictNotNull
[       OK ] strict_notnull_tests.TestStrictNotNull (0 ms)
[----------] 2 tests from strict_notnull_tests (396 ms total)

[----------] 10 tests from utils_tests
[ RUN      ] utils_tests.sanity_check_for_gsl_index_typedef
[       OK ] utils_tests.sanity_check_for_gsl_index_typedef (0 ms)
[ RUN      ] utils_tests.finally_lambda
[       OK ] utils_tests.finally_lambda (0 ms)
[ RUN      ] utils_tests.finally_lambda_move
[       OK ] utils_tests.finally_lambda_move (0 ms)
[ RUN      ] utils_tests.finally_const_lvalue_lambda
[       OK ] utils_tests.finally_const_lvalue_lambda (0 ms)
[ RUN      ] utils_tests.finally_mutable_lvalue_lambda
[       OK ] utils_tests.finally_mutable_lvalue_lambda (0 ms)
[ RUN      ] utils_tests.finally_function_with_bind
[       OK ] utils_tests.finally_function_with_bind (0 ms)
[ RUN      ] utils_tests.finally_function_ptr
[       OK ] utils_tests.finally_function_ptr (0 ms)
[ RUN      ] utils_tests.finally_function
[       OK ] utils_tests.finally_function (0 ms)
[ RUN      ] utils_tests.narrow_cast
[       OK ] utils_tests.narrow_cast (0 ms)
[ RUN      ] utils_tests.narrow
[       OK ] utils_tests.narrow (0 ms)
[----------] 10 tests from utils_tests (0 ms total)

[----------] Global test environment tear-down
[==========] 86 tests from 13 test suites ran. (6802 ms total)
[  PASSED  ] 86 tests.
<end of output>
Test time =   6.80 sec
----------------------------------------------------------
Test Passed.
"gsl_tests" end time: May 22 16:06 UTC
"gsl_tests" time elapsed: 00:00:06
----------------------------------------------------------

2/2 Testing: gsl_noexcept_tests
2/2 Test: gsl_noexcept_tests
Command: "/home/runner/work/GSL/GSL/build_cpp14/tests/gsl_noexcept_tests"
Directory: /home/runner/work/GSL/GSL/build_cpp14/tests
"gsl_noexcept_tests" start time: May 22 16:06 UTC
Output:
----------------------------------------------------------
Running main() from /home/runner/work/GSL/GSL/tests/no_exception_ensure_tests.cpp
<end of output>
Test time =   0.00 sec
----------------------------------------------------------
Test Passed.
"gsl_noexcept_tests" end time: May 22 16:06 UTC
"gsl_noexcept_tests" time elapsed: 00:00:00
----------------------------------------------------------

End testing: May 22 16:06 UTC
